"back_01.NCLR"
"back_02.NCLR"
"back_03.NCLR"
"back_04.NCLR"

"back_01_01.NCGR"
"back_01_02.NCGR"
"back_02_01.NCGR"
"back_02_02.NCGR"
"back_03_01.NCGR"
"back_03_02.NCGR"
"back_04_01.NCGR"
"back_04_02.NCGR"

"chara_doctor_d.NCLR"
"chara_player_f.NCLR"
"chara_player_m.NCLR"
"chara_rival.NCLR"
"chara_support.NCLR"
"chara_mother.NCLR"
"chara_doctor_d_1.NCGR"
"chara_doctor_d_2.NCGR"
"chara_player_f_1.NCGR"
"chara_player_f_2.NCGR"
"chara_player_m_1.NCGR"
"chara_player_m_2.NCGR"
"chara_rival_1.NCGR"
"chara_rival_2.NCGR"
"chara_support_1.NCGR"
"chara_support_2.NCGR"
"chara_mother_1.NCGR"
"chara_mother_2.NCGR"

"dummy.NCGR"
"local_tvt_scr_2.NSCR"
"local_tvt_scr_4.NSCR"

"obj_doctor_d.NCLR"
"obj_doctor_d.NCGR"
"obj_doctor_d.NCER"
"obj_doctor_d.NANR"
"obj_mother.NCLR"
"obj_mother.NCGR"
"obj_mother.NCER"
"obj_mother.NANR"
"obj_player_f.NCLR"
"obj_player_f.NCGR"
"obj_player_f.NCER"
"obj_player_f.NANR"
"obj_player_m.NCLR"
"obj_player_m.NCGR"
"obj_player_m.NCER"
"obj_player_m.NANR"
"obj_rival.NCLR"
"obj_rival.NCGR"
"obj_rival.NCER"
"obj_rival.NANR"
"obj_support.NCLR"
"obj_support.NCGR"
"obj_support.NCER"
"obj_support.NANR"

"tvt_script_01.bin"
"tvt_script_02.bin"
"tvt_script_03.bin"
"tvt_script_04.bin"
"tvt_script_05.bin"
"tvt_script_06.bin"
