pfwb_001.NCEC,1,
pbwb_001.NCEC,1,
pfwb_002.NCEC,2,
pbwb_002.NCEC,2,
pfwb_003.NCEC,3,
pbwb_003.NCEC,3,
pfwb_004.NCEC,4,
pbwb_004.NCEC,4,
pfwb_005.NCEC,5,
pbwb_005.NCEC,5,
pfwb_006.NCEC,6,
pbwb_006.NCEC,6,
pfwb_007.NCEC,7,
pbwb_007.NCEC,7,
pfwb_008.NCEC,8,
pbwb_008.NCEC,8,
pfwb_009.NCEC,9,
pbwb_009.NCEC,9,
pfwb_010.NCEC,10,
pbwb_010.NCEC,10,
pfwb_011.NCEC,11,
pbwb_011.NCEC,11,
pfwb_012.NCEC,12,
pbwb_012.NCEC,12,
pfwb_013.NCEC,13,
pbwb_013.NCEC,13,
pfwb_014.NCEC,14,
pbwb_014.NCEC,14,
pfwb_015.NCEC,15,
pbwb_015.NCEC,15,
pfwb_016.NCEC,16,
pbwb_016.NCEC,16,
pfwb_017.NCEC,17,
pbwb_017.NCEC,17,
pfwb_018.NCEC,18,
pbwb_018.NCEC,18,
pfwb_019.NCEC,19,
pbwb_019.NCEC,19,
pfwb_020.NCEC,20,
pbwb_020.NCEC,20,
pfwb_021.NCEC,21,
pbwb_021.NCEC,21,
pfwb_022.NCEC,22,
pbwb_022.NCEC,22,
pfwb_023.NCEC,23,
pbwb_023.NCEC,23,
pfwb_024.NCEC,24,
pbwb_024.NCEC,24,
pfwb_025.NCEC,25,
pbwb_025.NCEC,25,
pfwb_026.NCEC,26,
pbwb_026.NCEC,26,
pfwb_027.NCEC,27,
pbwb_027.NCEC,27,
pfwb_028.NCEC,28,
pbwb_028.NCEC,28,
pfwb_029.NCEC,29,
pbwb_029.NCEC,29,
pfwb_030.NCEC,30,
pbwb_030.NCEC,30,
pfwb_031.NCEC,31,
pbwb_031.NCEC,31,
pfwb_032.NCEC,32,
pbwb_032.NCEC,32,
pfwb_033.NCEC,33,
pbwb_033.NCEC,33,
pfwb_034.NCEC,34,
pbwb_034.NCEC,34,
pfwb_035.NCEC,35,
pbwb_035.NCEC,35,
pfwb_036.NCEC,36,
pbwb_036.NCEC,36,
pfwb_037.NCEC,37,
pbwb_037.NCEC,37,
pfwb_038.NCEC,38,
pbwb_038.NCEC,38,
pfwb_039.NCEC,39,
pbwb_039.NCEC,39,
pfwb_040.NCEC,40,
pbwb_040.NCEC,40,
pfwb_041.NCEC,41,
pbwb_041.NCEC,41,
pfwb_042.NCEC,42,
pbwb_042.NCEC,42,
pfwb_043.NCEC,43,
pbwb_043.NCEC,43,
pfwb_044.NCEC,44,
pbwb_044.NCEC,44,
pfwb_045.NCEC,45,
pbwb_045.NCEC,45,
pfwb_046.NCEC,46,
pbwb_046.NCEC,46,
pfwb_047.NCEC,47,
pbwb_047.NCEC,47,
pfwb_048.NCEC,48,
pbwb_048.NCEC,48,
pfwb_049.NCEC,49,
pbwb_049.NCEC,49,
pfwb_050.NCEC,50,
pbwb_050.NCEC,50,
pfwb_051.NCEC,51,
pbwb_051.NCEC,51,
pfwb_052.NCEC,52,
pbwb_052.NCEC,52,
pfwb_053.NCEC,53,
pbwb_053.NCEC,53,
pfwb_054.NCEC,54,
pbwb_054.NCEC,54,
pfwb_055.NCEC,55,
pbwb_055.NCEC,55,
pfwb_056.NCEC,56,
pbwb_056.NCEC,56,
pfwb_057.NCEC,57,
pbwb_057.NCEC,57,
pfwb_058.NCEC,58,
pbwb_058.NCEC,58,
pfwb_059.NCEC,59,
pbwb_059.NCEC,59,
pfwb_060.NCEC,60,
pbwb_060.NCEC,60,
pfwb_061.NCEC,61,
pbwb_061.NCEC,61,
pfwb_062.NCEC,62,
pbwb_062.NCEC,62,
pfwb_063.NCEC,63,
pbwb_063.NCEC,63,
pfwb_064.NCEC,64,
pbwb_064.NCEC,64,
pfwb_065.NCEC,65,
pbwb_065.NCEC,65,
pfwb_066.NCEC,66,
pbwb_066.NCEC,66,
pfwb_067.NCEC,67,
pbwb_067.NCEC,67,
pfwb_068.NCEC,68,
pbwb_068.NCEC,68,
pfwb_069.NCEC,69,
pbwb_069.NCEC,69,
pfwb_070.NCEC,70,
pbwb_070.NCEC,70,
pfwb_071.NCEC,71,
pbwb_071.NCEC,71,
pfwb_072.NCEC,72,
pbwb_072.NCEC,72,
pfwb_073.NCEC,73,
pbwb_073.NCEC,73,
pfwb_074.NCEC,74,
pbwb_074.NCEC,74,
pfwb_075.NCEC,75,
pbwb_075.NCEC,75,
pfwb_076.NCEC,76,
pbwb_076.NCEC,76,
pfwb_077.NCEC,77,
pbwb_077.NCEC,77,
pfwb_078.NCEC,78,
pbwb_078.NCEC,78,
pfwb_079.NCEC,79,
pbwb_079.NCEC,79,
pfwb_080.NCEC,80,
pbwb_080.NCEC,80,
pfwb_081.NCEC,81,
pbwb_081.NCEC,81,
pfwb_082.NCEC,82,
pbwb_082.NCEC,82,
pfwb_083.NCEC,83,
pbwb_083.NCEC,83,
pfwb_084.NCEC,84,
pbwb_084.NCEC,84,
pfwb_085.NCEC,85,
pbwb_085.NCEC,85,
pfwb_086.NCEC,86,
pbwb_086.NCEC,86,
pfwb_087.NCEC,87,
pbwb_087.NCEC,87,
pfwb_088.NCEC,88,
pbwb_088.NCEC,88,
pfwb_089.NCEC,89,
pbwb_089.NCEC,89,
pfwb_090.NCEC,90,
pbwb_090.NCEC,90,
pfwb_091.NCEC,91,
pbwb_091.NCEC,91,
pfwb_092.NCEC,92,
pbwb_092.NCEC,92,
pfwb_093.NCEC,93,
pbwb_093.NCEC,93,
pfwb_094.NCEC,94,
pbwb_094.NCEC,94,
pfwb_095.NCEC,95,
pbwb_095.NCEC,95,
pfwb_096.NCEC,96,
pbwb_096.NCEC,96,
pfwb_097.NCEC,97,
pbwb_097.NCEC,97,
pfwb_098.NCEC,98,
pbwb_098.NCEC,98,
pfwb_099.NCEC,99,
pbwb_099.NCEC,99,
pfwb_100.NCEC,100,
pbwb_100.NCEC,100,
pfwb_101.NCEC,101,
pbwb_101.NCEC,101,
pfwb_102.NCEC,102,
pbwb_102.NCEC,102,
pfwb_103.NCEC,103,
pbwb_103.NCEC,103,
pfwb_104.NCEC,104,
pbwb_104.NCEC,104,
pfwb_105.NCEC,105,
pbwb_105.NCEC,105,
pfwb_106.NCEC,106,
pbwb_106.NCEC,106,
pfwb_107.NCEC,107,
pbwb_107.NCEC,107,
pfwb_108.NCEC,108,
pbwb_108.NCEC,108,
pfwb_109.NCEC,109,
pbwb_109.NCEC,109,
pfwb_110.NCEC,110,
pbwb_110.NCEC,110,
pfwb_111.NCEC,111,
pbwb_111.NCEC,111,
pfwb_112.NCEC,112,
pbwb_112.NCEC,112,
pfwb_113.NCEC,113,
pbwb_113.NCEC,113,
pfwb_114.NCEC,114,
pbwb_114.NCEC,114,
pfwb_115.NCEC,115,
pbwb_115.NCEC,115,
pfwb_116.NCEC,116,
pbwb_116.NCEC,116,
pfwb_117.NCEC,117,
pbwb_117.NCEC,117,
pfwb_118.NCEC,118,
pbwb_118.NCEC,118,
pfwb_119.NCEC,119,
pbwb_119.NCEC,119,
pfwb_120.NCEC,120,
pbwb_120.NCEC,120,
pfwb_121.NCEC,121,
pbwb_121.NCEC,121,
pfwb_122.NCEC,122,
pbwb_122.NCEC,122,
pfwb_123.NCEC,123,
pbwb_123.NCEC,123,
pfwb_124.NCEC,124,
pbwb_124.NCEC,124,
pfwb_125.NCEC,125,
pbwb_125.NCEC,125,
pfwb_126.NCEC,126,
pbwb_126.NCEC,126,
pfwb_127.NCEC,127,
pbwb_127.NCEC,127,
pfwb_128.NCEC,128,
pbwb_128.NCEC,128,
pfwb_129.NCEC,129,
pbwb_129.NCEC,129,
pfwb_130.NCEC,130,
pbwb_130.NCEC,130,
pfwb_131.NCEC,131,
pbwb_131.NCEC,131,
pfwb_132.NCEC,132,
pbwb_132.NCEC,132,
pfwb_133.NCEC,133,
pbwb_133.NCEC,133,
pfwb_134.NCEC,134,
pbwb_134.NCEC,134,
pfwb_135.NCEC,135,
pbwb_135.NCEC,135,
pfwb_136.NCEC,136,
pbwb_136.NCEC,136,
pfwb_137.NCEC,137,
pbwb_137.NCEC,137,
pfwb_138.NCEC,138,
pbwb_138.NCEC,138,
pfwb_139.NCEC,139,
pbwb_139.NCEC,139,
pfwb_140.NCEC,140,
pbwb_140.NCEC,140,
pfwb_141.NCEC,141,
pbwb_141.NCEC,141,
pfwb_142.NCEC,142,
pbwb_142.NCEC,142,
pfwb_143.NCEC,143,
pbwb_143.NCEC,143,
pfwb_144.NCEC,144,
pbwb_144.NCEC,144,
pfwb_145.NCEC,145,
pbwb_145.NCEC,145,
pfwb_146.NCEC,146,
pbwb_146.NCEC,146,
pfwb_147.NCEC,147,
pbwb_147.NCEC,147,
pfwb_148.NCEC,148,
pbwb_148.NCEC,148,
pfwb_149.NCEC,149,
pbwb_149.NCEC,149,
pfwb_150.NCEC,150,
pbwb_150.NCEC,150,
pfwb_151.NCEC,151,
pbwb_151.NCEC,151,
pfwb_152.NCEC,152,
pbwb_152.NCEC,152,
pfwb_153.NCEC,153,
pbwb_153.NCEC,153,
pfwb_154.NCEC,154,
pbwb_154.NCEC,154,
pfwb_155.NCEC,155,
pbwb_155.NCEC,155,
pfwb_156.NCEC,156,
pbwb_156.NCEC,156,
pfwb_157.NCEC,157,
pbwb_157.NCEC,157,
pfwb_158.NCEC,158,
pbwb_158.NCEC,158,
pfwb_159.NCEC,159,
pbwb_159.NCEC,159,
pfwb_160.NCEC,160,
pbwb_160.NCEC,160,
pfwb_161.NCEC,161,
pbwb_161.NCEC,161,
pfwb_162.NCEC,162,
pbwb_162.NCEC,162,
pfwb_163.NCEC,163,
pbwb_163.NCEC,163,
pfwb_164.NCEC,164,
pbwb_164.NCEC,164,
pfwb_165.NCEC,165,
pbwb_165.NCEC,165,
pfwb_166.NCEC,166,
pbwb_166.NCEC,166,
pfwb_167.NCEC,167,
pbwb_167.NCEC,167,
pfwb_168.NCEC,168,
pbwb_168.NCEC,168,
pfwb_169.NCEC,169,
pbwb_169.NCEC,169,
pfwb_170.NCEC,170,
pbwb_170.NCEC,170,
pfwb_171.NCEC,171,
pbwb_171.NCEC,171,
pfwb_172.NCEC,172,
pbwb_172.NCEC,172,
pfwb_173.NCEC,173,
pbwb_173.NCEC,173,
pfwb_174.NCEC,174,
pbwb_174.NCEC,174,
pfwb_175.NCEC,175,
pbwb_175.NCEC,175,
pfwb_176.NCEC,176,
pbwb_176.NCEC,176,
pfwb_177.NCEC,177,
pbwb_177.NCEC,177,
pfwb_178.NCEC,178,
pbwb_178.NCEC,178,
pfwb_179.NCEC,179,
pbwb_179.NCEC,179,
pfwb_180.NCEC,180,
pbwb_180.NCEC,180,
pfwb_181.NCEC,181,
pbwb_181.NCEC,181,
pfwb_182.NCEC,182,
pbwb_182.NCEC,182,
pfwb_183.NCEC,183,
pbwb_183.NCEC,183,
pfwb_184.NCEC,184,
pbwb_184.NCEC,184,
pfwb_185.NCEC,185,
pbwb_185.NCEC,185,
pfwb_186.NCEC,186,
pbwb_186.NCEC,186,
pfwb_187.NCEC,187,
pbwb_187.NCEC,187,
pfwb_188.NCEC,188,
pbwb_188.NCEC,188,
pfwb_189.NCEC,189,
pbwb_189.NCEC,189,
pfwb_190.NCEC,190,
pbwb_190.NCEC,190,
pfwb_191.NCEC,191,
pbwb_191.NCEC,191,
pfwb_192.NCEC,192,
pbwb_192.NCEC,192,
pfwb_193.NCEC,193,
pbwb_193.NCEC,193,
pfwb_194.NCEC,194,
pbwb_194.NCEC,194,
pfwb_195.NCEC,195,
pbwb_195.NCEC,195,
pfwb_196.NCEC,196,
pbwb_196.NCEC,196,
pfwb_197.NCEC,197,
pbwb_197.NCEC,197,
pfwb_198.NCEC,198,
pbwb_198.NCEC,198,
pfwb_199.NCEC,199,
pbwb_199.NCEC,199,
pfwb_200.NCEC,200,
pbwb_200.NCEC,200,
pfwb_201_una.NCEC,201,una
pbwb_201_una.NCEC,201,una
pfwb_202.NCEC,202,
pbwb_202.NCEC,202,
pfwb_203.NCEC,203,
pbwb_203.NCEC,203,
pfwb_204.NCEC,204,
pbwb_204.NCEC,204,
pfwb_205.NCEC,205,
pbwb_205.NCEC,205,
pfwb_206.NCEC,206,
pbwb_206.NCEC,206,
pfwb_207.NCEC,207,
pbwb_207.NCEC,207,
pfwb_208.NCEC,208,
pbwb_208.NCEC,208,
pfwb_209.NCEC,209,
pbwb_209.NCEC,209,
pfwb_210.NCEC,210,
pbwb_210.NCEC,210,
pfwb_211.NCEC,211,
pbwb_211.NCEC,211,
pfwb_212.NCEC,212,
pbwb_212.NCEC,212,
pfwb_213.NCEC,213,
pbwb_213.NCEC,213,
pfwb_214.NCEC,214,
pbwb_214.NCEC,214,
pfwb_215.NCEC,215,
pbwb_215.NCEC,215,
pfwb_216.NCEC,216,
pbwb_216.NCEC,216,
pfwb_217.NCEC,217,
pbwb_217.NCEC,217,
pfwb_218.NCEC,218,
pbwb_218.NCEC,218,
pfwb_219.NCEC,219,
pbwb_219.NCEC,219,
pfwb_220.NCEC,220,
pbwb_220.NCEC,220,
pfwb_221.NCEC,221,
pbwb_221.NCEC,221,
pfwb_222.NCEC,222,
pbwb_222.NCEC,222,
pfwb_223.NCEC,223,
pbwb_223.NCEC,223,
pfwb_224.NCEC,224,
pbwb_224.NCEC,224,
pfwb_225.NCEC,225,
pbwb_225.NCEC,225,
pfwb_226.NCEC,226,
pbwb_226.NCEC,226,
pfwb_227.NCEC,227,
pbwb_227.NCEC,227,
pfwb_228.NCEC,228,
pbwb_228.NCEC,228,
pfwb_229.NCEC,229,
pbwb_229.NCEC,229,
pfwb_230.NCEC,230,
pbwb_230.NCEC,230,
pfwb_231.NCEC,231,
pbwb_231.NCEC,231,
pfwb_232.NCEC,232,
pbwb_232.NCEC,232,
pfwb_233.NCEC,233,
pbwb_233.NCEC,233,
pfwb_234.NCEC,234,
pbwb_234.NCEC,234,
pfwb_235.NCEC,235,
pbwb_235.NCEC,235,
pfwb_236.NCEC,236,
pbwb_236.NCEC,236,
pfwb_237.NCEC,237,
pbwb_237.NCEC,237,
pfwb_238.NCEC,238,
pbwb_238.NCEC,238,
pfwb_239.NCEC,239,
pbwb_239.NCEC,239,
pfwb_240.NCEC,240,
pbwb_240.NCEC,240,
pfwb_241.NCEC,241,
pbwb_241.NCEC,241,
pfwb_242.NCEC,242,
pbwb_242.NCEC,242,
pfwb_243.NCEC,243,
pbwb_243.NCEC,243,
pfwb_244.NCEC,244,
pbwb_244.NCEC,244,
pfwb_245.NCEC,245,
pbwb_245.NCEC,245,
pfwb_246.NCEC,246,
pbwb_246.NCEC,246,
pfwb_247.NCEC,247,
pbwb_247.NCEC,247,
pfwb_248.NCEC,248,
pbwb_248.NCEC,248,
pfwb_249.NCEC,249,
pbwb_249.NCEC,249,
pfwb_250.NCEC,250,
pbwb_250.NCEC,250,
pfwb_251.NCEC,251,
pbwb_251.NCEC,251,
pfwb_252.NCEC,252,
pbwb_252.NCEC,252,
pfwb_253.NCEC,253,
pbwb_253.NCEC,253,
pfwb_254.NCEC,254,
pbwb_254.NCEC,254,
pfwb_255.NCEC,255,
pbwb_255.NCEC,255,
pfwb_256.NCEC,256,
pbwb_256.NCEC,256,
pfwb_257.NCEC,257,
pbwb_257.NCEC,257,
pfwb_258.NCEC,258,
pbwb_258.NCEC,258,
pfwb_259.NCEC,259,
pbwb_259.NCEC,259,
pfwb_260.NCEC,260,
pbwb_260.NCEC,260,
pfwb_261.NCEC,261,
pbwb_261.NCEC,261,
pfwb_262.NCEC,262,
pbwb_262.NCEC,262,
pfwb_263.NCEC,263,
pbwb_263.NCEC,263,
pfwb_264.NCEC,264,
pbwb_264.NCEC,264,
pfwb_265.NCEC,265,
pbwb_265.NCEC,265,
pfwb_266.NCEC,266,
pbwb_266.NCEC,266,
pfwb_267.NCEC,267,
pbwb_267.NCEC,267,
pfwb_268.NCEC,268,
pbwb_268.NCEC,268,
pfwb_269.NCEC,269,
pbwb_269.NCEC,269,
pfwb_270.NCEC,270,
pbwb_270.NCEC,270,
pfwb_271.NCEC,271,
pbwb_271.NCEC,271,
pfwb_272.NCEC,272,
pbwb_272.NCEC,272,
pfwb_273.NCEC,273,
pbwb_273.NCEC,273,
pfwb_274.NCEC,274,
pbwb_274.NCEC,274,
pfwb_275.NCEC,275,
pbwb_275.NCEC,275,
pfwb_276.NCEC,276,
pbwb_276.NCEC,276,
pfwb_277.NCEC,277,
pbwb_277.NCEC,277,
pfwb_278.NCEC,278,
pbwb_278.NCEC,278,
pfwb_279.NCEC,279,
pbwb_279.NCEC,279,
pfwb_280.NCEC,280,
pbwb_280.NCEC,280,
pfwb_281.NCEC,281,
pbwb_281.NCEC,281,
pfwb_282.NCEC,282,
pbwb_282.NCEC,282,
pfwb_283.NCEC,283,
pbwb_283.NCEC,283,
pfwb_284.NCEC,284,
pbwb_284.NCEC,284,
pfwb_285.NCEC,285,
pbwb_285.NCEC,285,
pfwb_286.NCEC,286,
pbwb_286.NCEC,286,
pfwb_287.NCEC,287,
pbwb_287.NCEC,287,
pfwb_288.NCEC,288,
pbwb_288.NCEC,288,
pfwb_289.NCEC,289,
pbwb_289.NCEC,289,
pfwb_290.NCEC,290,
pbwb_290.NCEC,290,
pfwb_291.NCEC,291,
pbwb_291.NCEC,291,
pfwb_292.NCEC,292,
pbwb_292.NCEC,292,
pfwb_293.NCEC,293,
pbwb_293.NCEC,293,
pfwb_294.NCEC,294,
pbwb_294.NCEC,294,
pfwb_295.NCEC,295,
pbwb_295.NCEC,295,
pfwb_296.NCEC,296,
pbwb_296.NCEC,296,
pfwb_297.NCEC,297,
pbwb_297.NCEC,297,
pfwb_298.NCEC,298,
pbwb_298.NCEC,298,
pfwb_299.NCEC,299,
pbwb_299.NCEC,299,
pfwb_300.NCEC,300,
pbwb_300.NCEC,300,
pfwb_301.NCEC,301,
pbwb_301.NCEC,301,
pfwb_302.NCEC,302,
pbwb_302.NCEC,302,
pfwb_303.NCEC,303,
pbwb_303.NCEC,303,
pfwb_304.NCEC,304,
pbwb_304.NCEC,304,
pfwb_305.NCEC,305,
pbwb_305.NCEC,305,
pfwb_306.NCEC,306,
pbwb_306.NCEC,306,
pfwb_307.NCEC,307,
pbwb_307.NCEC,307,
pfwb_308.NCEC,308,
pbwb_308.NCEC,308,
pfwb_309.NCEC,309,
pbwb_309.NCEC,309,
pfwb_310.NCEC,310,
pbwb_310.NCEC,310,
pfwb_311.NCEC,311,
pbwb_311.NCEC,311,
pfwb_312.NCEC,312,
pbwb_312.NCEC,312,
pfwb_313.NCEC,313,
pbwb_313.NCEC,313,
pfwb_314.NCEC,314,
pbwb_314.NCEC,314,
pfwb_315.NCEC,315,
pbwb_315.NCEC,315,
pfwb_316.NCEC,316,
pbwb_316.NCEC,316,
pfwb_317.NCEC,317,
pbwb_317.NCEC,317,
pfwb_318.NCEC,318,
pbwb_318.NCEC,318,
pfwb_319.NCEC,319,
pbwb_319.NCEC,319,
pfwb_320.NCEC,320,
pbwb_320.NCEC,320,
pfwb_321.NCEC,321,
pbwb_321.NCEC,321,
pfwb_322.NCEC,322,
pbwb_322.NCEC,322,
pfwb_323.NCEC,323,
pbwb_323.NCEC,323,
pfwb_324.NCEC,324,
pbwb_324.NCEC,324,
pfwb_325.NCEC,325,
pbwb_325.NCEC,325,
pfwb_326.NCEC,326,
pbwb_326.NCEC,326,
pfwb_327.NCEC,327,
pbwb_327.NCEC,327,
pfwb_328.NCEC,328,
pbwb_328.NCEC,328,
pfwb_329.NCEC,329,
pbwb_329.NCEC,329,
pfwb_330.NCEC,330,
pbwb_330.NCEC,330,
pfwb_331.NCEC,331,
pbwb_331.NCEC,331,
pfwb_332.NCEC,332,
pbwb_332.NCEC,332,
pfwb_333.NCEC,333,
pbwb_333.NCEC,333,
pfwb_334.NCEC,334,
pbwb_334.NCEC,334,
pfwb_335.NCEC,335,
pbwb_335.NCEC,335,
pfwb_336.NCEC,336,
pbwb_336.NCEC,336,
pfwb_337.NCEC,337,
pbwb_337.NCEC,337,
pfwb_338.NCEC,338,
pbwb_338.NCEC,338,
pfwb_339.NCEC,339,
pbwb_339.NCEC,339,
pfwb_340.NCEC,340,
pbwb_340.NCEC,340,
pfwb_341.NCEC,341,
pbwb_341.NCEC,341,
pfwb_342.NCEC,342,
pbwb_342.NCEC,342,
pfwb_343.NCEC,343,
pbwb_343.NCEC,343,
pfwb_344.NCEC,344,
pbwb_344.NCEC,344,
pfwb_345.NCEC,345,
pbwb_345.NCEC,345,
pfwb_346.NCEC,346,
pbwb_346.NCEC,346,
pfwb_347.NCEC,347,
pbwb_347.NCEC,347,
pfwb_348.NCEC,348,
pbwb_348.NCEC,348,
pfwb_349.NCEC,349,
pbwb_349.NCEC,349,
pfwb_350.NCEC,350,
pbwb_350.NCEC,350,
pfwb_351_normal.NCEC,351,normal
pbwb_351_normal.NCEC,351,normal
pfwb_352.NCEC,352,
pbwb_352.NCEC,352,
pfwb_353.NCEC,353,
pbwb_353.NCEC,353,
pfwb_354.NCEC,354,
pbwb_354.NCEC,354,
pfwb_355.NCEC,355,
pbwb_355.NCEC,355,
pfwb_356.NCEC,356,
pbwb_356.NCEC,356,
pfwb_357.NCEC,357,
pbwb_357.NCEC,357,
pfwb_358.NCEC,358,
pbwb_358.NCEC,358,
pfwb_359.NCEC,359,
pbwb_359.NCEC,359,
pfwb_360.NCEC,360,
pbwb_360.NCEC,360,
pfwb_361.NCEC,361,
pbwb_361.NCEC,361,
pfwb_362.NCEC,362,
pbwb_362.NCEC,362,
pfwb_363.NCEC,363,
pbwb_363.NCEC,363,
pfwb_364.NCEC,364,
pbwb_364.NCEC,364,
pfwb_365.NCEC,365,
pbwb_365.NCEC,365,
pfwb_366.NCEC,366,
pbwb_366.NCEC,366,
pfwb_367.NCEC,367,
pbwb_367.NCEC,367,
pfwb_368.NCEC,368,
pbwb_368.NCEC,368,
pfwb_369.NCEC,369,
pbwb_369.NCEC,369,
pfwb_370.NCEC,370,
pbwb_370.NCEC,370,
pfwb_371.NCEC,371,
pbwb_371.NCEC,371,
pfwb_372.NCEC,372,
pbwb_372.NCEC,372,
pfwb_373.NCEC,373,
pbwb_373.NCEC,373,
pfwb_374.NCEC,374,
pbwb_374.NCEC,374,
pfwb_375.NCEC,375,
pbwb_375.NCEC,375,
pfwb_376.NCEC,376,
pbwb_376.NCEC,376,
pfwb_377.NCEC,377,
pbwb_377.NCEC,377,
pfwb_378.NCEC,378,
pbwb_378.NCEC,378,
pfwb_379.NCEC,379,
pbwb_379.NCEC,379,
pfwb_380.NCEC,380,
pbwb_380.NCEC,380,
pfwb_381.NCEC,381,
pbwb_381.NCEC,381,
pfwb_382.NCEC,382,
pbwb_382.NCEC,382,
pfwb_383.NCEC,383,
pbwb_383.NCEC,383,
pfwb_384.NCEC,384,
pbwb_384.NCEC,384,
pfwb_385.NCEC,385,
pbwb_385.NCEC,385,
pfwb_386_normal.NCEC,386,normal
pbwb_386_normal.NCEC,386,normal
pfwb_387.NCEC,387,
pbwb_387.NCEC,387,
pfwb_388.NCEC,388,
pbwb_388.NCEC,388,
pfwb_389.NCEC,389,
pbwb_389.NCEC,389,
pfwb_390.NCEC,390,
pbwb_390.NCEC,390,
pfwb_391.NCEC,391,
pbwb_391.NCEC,391,
pfwb_392.NCEC,392,
pbwb_392.NCEC,392,
pfwb_393.NCEC,393,
pbwb_393.NCEC,393,
pfwb_394.NCEC,394,
pbwb_394.NCEC,394,
pfwb_395.NCEC,395,
pbwb_395.NCEC,395,
pfwb_396.NCEC,396,
pbwb_396.NCEC,396,
pfwb_397.NCEC,397,
pbwb_397.NCEC,397,
pfwb_398.NCEC,398,
pbwb_398.NCEC,398,
pfwb_399.NCEC,399,
pbwb_399.NCEC,399,
pfwb_400.NCEC,400,
pbwb_400.NCEC,400,
pfwb_401.NCEC,401,
pbwb_401.NCEC,401,
pfwb_402.NCEC,402,
pbwb_402.NCEC,402,
pfwb_403.NCEC,403,
pbwb_403.NCEC,403,
pfwb_404.NCEC,404,
pbwb_404.NCEC,404,
pfwb_405.NCEC,405,
pbwb_405.NCEC,405,
pfwb_406.NCEC,406,
pbwb_406.NCEC,406,
pfwb_407.NCEC,407,
pbwb_407.NCEC,407,
pfwb_408.NCEC,408,
pbwb_408.NCEC,408,
pfwb_409.NCEC,409,
pbwb_409.NCEC,409,
pfwb_410.NCEC,410,
pbwb_410.NCEC,410,
pfwb_411.NCEC,411,
pbwb_411.NCEC,411,
pfwb_412_kusa.NCEC,412,kusa
pbwb_412_kusa.NCEC,412,kusa
pfwb_413_kusa.NCEC,413,kusa
pbwb_413_kusa.NCEC,413,kusa
pfwb_414.NCEC,414,
pbwb_414.NCEC,414,
pfwb_415.NCEC,415,
pbwb_415.NCEC,415,
pfwb_416.NCEC,416,
pbwb_416.NCEC,416,
pfwb_417.NCEC,417,
pbwb_417.NCEC,417,
pfwb_418.NCEC,418,
pbwb_418.NCEC,418,
pfwb_419.NCEC,419,
pbwb_419.NCEC,419,
pfwb_420.NCEC,420,
pbwb_420.NCEC,420,
pfwb_421_nega.NCEC,421,nega
pbwb_421_nega.NCEC,421,nega
pfwb_422_west.NCEC,422,west
pbwb_422_west.NCEC,422,west
pfwb_423_west.NCEC,423,west
pbwb_423_west.NCEC,423,west
pfwb_424.NCEC,424,
pbwb_424.NCEC,424,
pfwb_425.NCEC,425,
pbwb_425.NCEC,425,
pfwb_426.NCEC,426,
pbwb_426.NCEC,426,
pfwb_427.NCEC,427,
pbwb_427.NCEC,427,
pfwb_428.NCEC,428,
pbwb_428.NCEC,428,
pfwb_429.NCEC,429,
pbwb_429.NCEC,429,
pfwb_430.NCEC,430,
pbwb_430.NCEC,430,
pfwb_431.NCEC,431,
pbwb_431.NCEC,431,
pfwb_432.NCEC,432,
pbwb_432.NCEC,432,
pfwb_433.NCEC,433,
pbwb_433.NCEC,433,
pfwb_434.NCEC,434,
pbwb_434.NCEC,434,
pfwb_435.NCEC,435,
pbwb_435.NCEC,435,
pfwb_436.NCEC,436,
pbwb_436.NCEC,436,
pfwb_437.NCEC,437,
pbwb_437.NCEC,437,
pfwb_438.NCEC,438,
pbwb_438.NCEC,438,
pfwb_439.NCEC,439,
pbwb_439.NCEC,439,
pfwb_440.NCEC,440,
pbwb_440.NCEC,440,
pfwb_441.NCEC,441,
pbwb_441.NCEC,441,
pfwb_442.NCEC,442,
pbwb_442.NCEC,442,
pfwb_443.NCEC,443,
pbwb_443.NCEC,443,
pfwb_444.NCEC,444,
pbwb_444.NCEC,444,
pfwb_445.NCEC,445,
pbwb_445.NCEC,445,
pfwb_446.NCEC,446,
pbwb_446.NCEC,446,
pfwb_447.NCEC,447,
pbwb_447.NCEC,447,
pfwb_448.NCEC,448,
pbwb_448.NCEC,448,
pfwb_449.NCEC,449,
pbwb_449.NCEC,449,
pfwb_450.NCEC,450,
pbwb_450.NCEC,450,
pfwb_451.NCEC,451,
pbwb_451.NCEC,451,
pfwb_452.NCEC,452,
pbwb_452.NCEC,452,
pfwb_453.NCEC,453,
pbwb_453.NCEC,453,
pfwb_454.NCEC,454,
pbwb_454.NCEC,454,
pfwb_455.NCEC,455,
pbwb_455.NCEC,455,
pfwb_456.NCEC,456,
pbwb_456.NCEC,456,
pfwb_457.NCEC,457,
pbwb_457.NCEC,457,
pfwb_458.NCEC,458,
pbwb_458.NCEC,458,
pfwb_459.NCEC,459,
pbwb_459.NCEC,459,
pfwb_460.NCEC,460,
pbwb_460.NCEC,460,
pfwb_461.NCEC,461,
pbwb_461.NCEC,461,
pfwb_462.NCEC,462,
pbwb_462.NCEC,462,
pfwb_463.NCEC,463,
pbwb_463.NCEC,463,
pfwb_464.NCEC,464,
pbwb_464.NCEC,464,
pfwb_465.NCEC,465,
pbwb_465.NCEC,465,
pfwb_466.NCEC,466,
pbwb_466.NCEC,466,
pfwb_467.NCEC,467,
pbwb_467.NCEC,467,
pfwb_468.NCEC,468,
pbwb_468.NCEC,468,
pfwb_469.NCEC,469,
pbwb_469.NCEC,469,
pfwb_470.NCEC,470,
pbwb_470.NCEC,470,
pfwb_471.NCEC,471,
pbwb_471.NCEC,471,
pfwb_472.NCEC,472,
pbwb_472.NCEC,472,
pfwb_473.NCEC,473,
pbwb_473.NCEC,473,
pfwb_474.NCEC,474,
pbwb_474.NCEC,474,
pfwb_475.NCEC,475,
pbwb_475.NCEC,475,
pfwb_476.NCEC,476,
pbwb_476.NCEC,476,
pfwb_477.NCEC,477,
pbwb_477.NCEC,477,
pfwb_478.NCEC,478,
pbwb_478.NCEC,478,
pfwb_479_normal.NCEC,479,normal
pbwb_479_normal.NCEC,479,normal
pfwb_480.NCEC,480,
pbwb_480.NCEC,480,
pfwb_481.NCEC,481,
pbwb_481.NCEC,481,
pfwb_482.NCEC,482,
pbwb_482.NCEC,482,
pfwb_483.NCEC,483,
pbwb_483.NCEC,483,
pfwb_484.NCEC,484,
pbwb_484.NCEC,484,
pfwb_485.NCEC,485,
pbwb_485.NCEC,485,
pfwb_486.NCEC,486,
pbwb_486.NCEC,486,
pfwb_487_another.NCEC,487,another
pbwb_487_another.NCEC,487,another
pfwb_488.NCEC,488,
pbwb_488.NCEC,488,
pfwb_489.NCEC,489,
pbwb_489.NCEC,489,
pfwb_490.NCEC,490,
pbwb_490.NCEC,490,
pfwb_491.NCEC,491,
pbwb_491.NCEC,491,
pfwb_492_land.NCEC,492,land
pbwb_492_land.NCEC,492,land
pfwb_493_normal.NCEC,493,normal
pbwb_493_normal.NCEC,493,normal
pfwb_657.NCEC,494,
pbwb_657.NCEC,494,
pfwb_551.NCEC,495,
pbwb_551.NCEC,495,
pfwb_552.NCEC,496,
pbwb_552.NCEC,496,
pfwb_553.NCEC,497,
pbwb_553.NCEC,497,
pfwb_554.NCEC,498,
pbwb_554.NCEC,498,
pfwb_555.NCEC,499,
pbwb_555.NCEC,499,
pfwb_556.NCEC,500,
pbwb_556.NCEC,500,
pfwb_557.NCEC,501,
pbwb_557.NCEC,501,
pfwb_558.NCEC,502,
pbwb_558.NCEC,502,
pfwb_559.NCEC,503,
pbwb_559.NCEC,503,
pfwb_537.NCEC,504,
pbwb_537.NCEC,504,
pfwb_538.NCEC,505,
pbwb_538.NCEC,505,
pfwb_590.NCEC,506,
pbwb_590.NCEC,506,
pfwb_591.NCEC,507,
pbwb_591.NCEC,507,
pfwb_592.NCEC,508,
pbwb_592.NCEC,508,
pfwb_546.NCEC,509,
pbwb_546.NCEC,509,
pfwb_547.NCEC,510,
pbwb_547.NCEC,510,
pfwb_593.NCEC,511,
pbwb_593.NCEC,511,
pfwb_594.NCEC,512,
pbwb_594.NCEC,512,
pfwb_595.NCEC,513,
pbwb_595.NCEC,513,
pfwb_596.NCEC,514,
pbwb_596.NCEC,514,
pfwb_597.NCEC,515,
pbwb_597.NCEC,515,
pfwb_598.NCEC,516,
pbwb_598.NCEC,516,
pfwb_540.NCEC,517,
pbwb_540.NCEC,517,
pfwb_516.NCEC,518,
pbwb_516.NCEC,518,
pfwb_514.NCEC,519,
pbwb_514.NCEC,519,
pfwb_518.NCEC,520,
pbwb_518.NCEC,520,
pfwb_512.NCEC,521,
pbwb_512.NCEC,521,
pfwb_570.NCEC,522,
pbwb_570.NCEC,522,
pfwb_515.NCEC,523,
pbwb_515.NCEC,523,
pfwb_600.NCEC,524,
pbwb_600.NCEC,524,
pfwb_601.NCEC,525,
pbwb_601.NCEC,525,
pfwb_602.NCEC,526,
pbwb_602.NCEC,526,
pfwb_520.NCEC,527,
pbwb_520.NCEC,527,
pfwb_535.NCEC,528,
pbwb_535.NCEC,528,
pfwb_502.NCEC,529,
pbwb_502.NCEC,529,
pfwb_543.NCEC,530,
pbwb_543.NCEC,530,
pfwb_599.NCEC,531,
pbwb_599.NCEC,531,
pfwb_626.NCEC,532,
pbwb_626.NCEC,532,
pfwb_627.NCEC,533,
pbwb_627.NCEC,533,
pfwb_628.NCEC,534,
pbwb_628.NCEC,534,
pfwb_586.NCEC,535,
pbwb_586.NCEC,535,
pfwb_587.NCEC,536,
pbwb_587.NCEC,536,
pfwb_588.NCEC,537,
pbwb_588.NCEC,537,
pfwb_576.NCEC,538,
pbwb_576.NCEC,538,
pfwb_575.NCEC,539,
pbwb_575.NCEC,539,
pfwb_507.NCEC,540,
pbwb_507.NCEC,540,
pfwb_524.NCEC,541,
pbwb_524.NCEC,541,
pfwb_508.NCEC,542,
pbwb_508.NCEC,542,
pfwb_548.NCEC,543,
pbwb_548.NCEC,543,
pfwb_549.NCEC,544,
pbwb_549.NCEC,544,
pfwb_550.NCEC,545,
pbwb_550.NCEC,545,
pfwb_521.NCEC,546,
pbwb_521.NCEC,546,
pfwb_522.NCEC,547,
pbwb_522.NCEC,547,
pfwb_517.NCEC,548,
pbwb_517.NCEC,548,
pfwb_519.NCEC,549,
pbwb_519.NCEC,549,
pfwb_603_black.NCEC,550,black
pbwb_603_black.NCEC,550,black
pfwb_504.NCEC,551,
pbwb_504.NCEC,551,
pfwb_505.NCEC,552,
pbwb_505.NCEC,552,
pfwb_506.NCEC,553,
pbwb_506.NCEC,553,
pfwb_528.NCEC,554,
pbwb_528.NCEC,554,
pfwb_503_action.NCEC,555,action
pbwb_503_action.NCEC,555,action
pfwb_523.NCEC,556,
pbwb_523.NCEC,556,
pfwb_568.NCEC,557,
pbwb_568.NCEC,557,
pfwb_569.NCEC,558,
pbwb_569.NCEC,558,
pfwb_637.NCEC,559,
pbwb_637.NCEC,559,
pfwb_638.NCEC,560,
pbwb_638.NCEC,560,
pfwb_539.NCEC,561,
pbwb_539.NCEC,561,
pfwb_526.NCEC,562,
pbwb_526.NCEC,562,
pfwb_510.NCEC,563,
pbwb_510.NCEC,563,
pfwb_622.NCEC,564,
pbwb_622.NCEC,564,
pfwb_623.NCEC,565,
pbwb_623.NCEC,565,
pfwb_624.NCEC,566,
pbwb_624.NCEC,566,
pfwb_625.NCEC,567,
pbwb_625.NCEC,567,
pfwb_573.NCEC,568,
pbwb_573.NCEC,568,
pfwb_574.NCEC,569,
pbwb_574.NCEC,569,
pfwb_529.NCEC,570,
pbwb_529.NCEC,570,
pfwb_530.NCEC,571,
pbwb_530.NCEC,571,
pfwb_533.NCEC,572,
pbwb_533.NCEC,572,
pfwb_534.NCEC,573,
pbwb_534.NCEC,573,
pfwb_606.NCEC,574,
pbwb_606.NCEC,574,
pfwb_607.NCEC,575,
pbwb_607.NCEC,575,
pfwb_608.NCEC,576,
pbwb_608.NCEC,576,
pfwb_583.NCEC,577,
pbwb_583.NCEC,577,
pfwb_584.NCEC,578,
pbwb_584.NCEC,578,
pfwb_585.NCEC,579,
pbwb_585.NCEC,579,
pfwb_609.NCEC,580,
pbwb_609.NCEC,580,
pfwb_610.NCEC,581,
pbwb_610.NCEC,581,
pfwb_611.NCEC,582,
pbwb_611.NCEC,582,
pfwb_612.NCEC,583,
pbwb_612.NCEC,583,
pfwb_613.NCEC,584,
pbwb_613.NCEC,584,
pfwb_511_spring.NCEC,585,spring
pbwb_511_spring.NCEC,585,spring
pfwb_527_spring.NCEC,586,spring
pbwb_527_spring.NCEC,586,spring
pfwb_560.NCEC,587,
pbwb_560.NCEC,587,
pfwb_571.NCEC,588,
pbwb_571.NCEC,588,
pfwb_572.NCEC,589,
pbwb_572.NCEC,589,
pfwb_580.NCEC,590,
pbwb_580.NCEC,590,
pfwb_581.NCEC,591,
pbwb_581.NCEC,591,
pfwb_513.NCEC,592,
pbwb_513.NCEC,592,
pfwb_536.NCEC,593,
pbwb_536.NCEC,593,
pfwb_501.NCEC,594,
pbwb_501.NCEC,594,
pfwb_577.NCEC,595,
pbwb_577.NCEC,595,
pfwb_578.NCEC,596,
pbwb_578.NCEC,596,
pfwb_617.NCEC,597,
pbwb_617.NCEC,597,
pfwb_618.NCEC,598,
pbwb_618.NCEC,598,
pfwb_544.NCEC,599,
pbwb_544.NCEC,599,
pfwb_545.NCEC,600,
pbwb_545.NCEC,600,
pfwb_579.NCEC,601,
pbwb_579.NCEC,601,
pfwb_614.NCEC,602,
pbwb_614.NCEC,602,
pfwb_615.NCEC,603,
pbwb_615.NCEC,603,
pfwb_616.NCEC,604,
pbwb_616.NCEC,604,
pfwb_619.NCEC,605,
pbwb_619.NCEC,605,
pfwb_620.NCEC,606,
pbwb_620.NCEC,606,
pfwb_563.NCEC,607,
pbwb_563.NCEC,607,
pfwb_564.NCEC,608,
pbwb_564.NCEC,608,
pfwb_565.NCEC,609,
pbwb_565.NCEC,609,
pfwb_541.NCEC,610,
pbwb_541.NCEC,610,
pfwb_542.NCEC,611,
pbwb_542.NCEC,611,
pfwb_509.NCEC,612,
pbwb_509.NCEC,612,
pfwb_531.NCEC,613,
pbwb_531.NCEC,613,
pfwb_532.NCEC,614,
pbwb_532.NCEC,614,
pfwb_621.NCEC,615,
pbwb_621.NCEC,615,
pfwb_561.NCEC,616,
pbwb_561.NCEC,616,
pfwb_562.NCEC,617,
pbwb_562.NCEC,617,
pfwb_589.NCEC,618,
pbwb_589.NCEC,618,
pfwb_630.NCEC,619,
pbwb_630.NCEC,619,
pfwb_631.NCEC,620,
pbwb_631.NCEC,620,
pfwb_629.NCEC,621,
pbwb_629.NCEC,621,
pfwb_604.NCEC,622,
pbwb_604.NCEC,622,
pfwb_605.NCEC,623,
pbwb_605.NCEC,623,
pfwb_634.NCEC,624,
pbwb_634.NCEC,624,
pfwb_635.NCEC,625,
pbwb_635.NCEC,625,
pfwb_582.NCEC,626,
pbwb_582.NCEC,626,
pfwb_566.NCEC,627,
pbwb_566.NCEC,627,
pfwb_567.NCEC,628,
pbwb_567.NCEC,628,
pfwb_632.NCEC,629,
pbwb_632.NCEC,629,
pfwb_633.NCEC,630,
pbwb_633.NCEC,630,
pfwb_636.NCEC,631,
pbwb_636.NCEC,631,
pfwb_639.NCEC,632,
pbwb_639.NCEC,632,
pfwb_640.NCEC,633,
pbwb_640.NCEC,633,
pfwb_641.NCEC,634,
pbwb_641.NCEC,634,
pfwb_642.NCEC,635,
pbwb_642.NCEC,635,
pfwb_643.NCEC,636,
pbwb_643.NCEC,636,
pfwb_644.NCEC,637,
pbwb_644.NCEC,637,
pfwb_645.NCEC,638,
pbwb_645.NCEC,638,
pfwb_646.NCEC,639,
pbwb_646.NCEC,639,
pfwb_647.NCEC,640,
pbwb_647.NCEC,640,
pfwb_648.NCEC,641,
pbwb_648.NCEC,641,
pfwb_649.NCEC,642,
pbwb_649.NCEC,642,
pfwb_650.NCEC,643,
pbwb_650.NCEC,643,
pfwb_651.NCEC,644,
pbwb_651.NCEC,644,
pfwb_652.NCEC,645,
pbwb_652.NCEC,645,
pfwb_653_a.NCEC,646,a
pbwb_653_a.NCEC,646,a
pfwb_654.NCEC,647,
pbwb_654.NCEC,647,
pfwb_655_voice.NCEC,648,voice
pbwb_655_voice.NCEC,648,voice
pfwb_656_normal.NCEC,649,normal
pbwb_656_normal.NCEC,649,normal
pfwb_201_unb.NCEC,201,unb
pbwb_201_unb.NCEC,201,unb
pfwb_201_unc.NCEC,201,unc
pbwb_201_unc.NCEC,201,unc
pfwb_201_und.NCEC,201,und
pbwb_201_und.NCEC,201,und
pfwb_201_une.NCEC,201,une
pbwb_201_une.NCEC,201,une
pfwb_201_unf.NCEC,201,unf
pbwb_201_unf.NCEC,201,unf
pfwb_201_ung.NCEC,201,ung
pbwb_201_ung.NCEC,201,ung
pfwb_201_unh.NCEC,201,unh
pbwb_201_unh.NCEC,201,unh
pfwb_201_uni.NCEC,201,uni
pbwb_201_uni.NCEC,201,uni
pfwb_201_unj.NCEC,201,unj
pbwb_201_unj.NCEC,201,unj
pfwb_201_unk.NCEC,201,unk
pbwb_201_unk.NCEC,201,unk
pfwb_201_unl.NCEC,201,unl
pbwb_201_unl.NCEC,201,unl
pfwb_201_unm.NCEC,201,unm
pbwb_201_unm.NCEC,201,unm
pfwb_201_unn.NCEC,201,unn
pbwb_201_unn.NCEC,201,unn
pfwb_201_uno.NCEC,201,uno
pbwb_201_uno.NCEC,201,uno
pfwb_201_unp.NCEC,201,unp
pbwb_201_unp.NCEC,201,unp
pfwb_201_unq.NCEC,201,unq
pbwb_201_unq.NCEC,201,unq
pfwb_201_unr.NCEC,201,unr
pbwb_201_unr.NCEC,201,unr
pfwb_201_uns.NCEC,201,uns
pbwb_201_uns.NCEC,201,uns
pfwb_201_unt.NCEC,201,unt
pbwb_201_unt.NCEC,201,unt
pfwb_201_unu.NCEC,201,unu
pbwb_201_unu.NCEC,201,unu
pfwb_201_unv.NCEC,201,unv
pbwb_201_unv.NCEC,201,unv
pfwb_201_unw.NCEC,201,unw
pbwb_201_unw.NCEC,201,unw
pfwb_201_unx.NCEC,201,unx
pbwb_201_unx.NCEC,201,unx
pfwb_201_uny.NCEC,201,uny
pbwb_201_uny.NCEC,201,uny
pfwb_201_unz.NCEC,201,unz
pbwb_201_unz.NCEC,201,unz
pfwb_201_exc.NCEC,201,exc
pbwb_201_exc.NCEC,201,exc
pfwb_201_que.NCEC,201,que
pbwb_201_que.NCEC,201,que
pfwb_351_sun.NCEC,351,sun
pbwb_351_sun.NCEC,351,sun
pfwb_351_rain.NCEC,351,rain
pbwb_351_rain.NCEC,351,rain
pfwb_351_snow.NCEC,351,snow
pbwb_351_snow.NCEC,351,snow
pfwb_386_attack.NCEC,386,attack
pbwb_386_attack.NCEC,386,attack
pfwb_386_defence.NCEC,386,defence
pbwb_386_defence.NCEC,386,defence
pfwb_386_speed.NCEC,386,speed
pbwb_386_speed.NCEC,386,speed
pfwb_412_suna.NCEC,412,suna
pbwb_412_suna.NCEC,412,suna
pfwb_412_gomi.NCEC,412,gomi
pbwb_412_gomi.NCEC,412,gomi
pfwb_413_jimen.NCEC,413,jimen
pbwb_413_jimen.NCEC,413,jimen
pfwb_413_hagane.NCEC,413,hagane
pbwb_413_hagane.NCEC,413,hagane
pfwb_421_posi.NCEC,421,posi
pbwb_421_posi.NCEC,421,posi
pfwb_422_east.NCEC,422,east
pbwb_422_east.NCEC,422,east
pfwb_423_east.NCEC,423,east
pbwb_423_east.NCEC,423,east
pfwb_479_hot.NCEC,479,hot
pbwb_479_hot.NCEC,479,hot
pfwb_479_wash.NCEC,479,wash
pbwb_479_wash.NCEC,479,wash
pfwb_479_cold.NCEC,479,cold
pbwb_479_cold.NCEC,479,cold
pfwb_479_fan.NCEC,479,fan
pbwb_479_fan.NCEC,479,fan
pfwb_479_cut.NCEC,479,cut
pbwb_479_cut.NCEC,479,cut
pfwb_487_origin.NCEC,487,origin
pbwb_487_origin.NCEC,487,origin
pfwb_492_sky.NCEC,492,sky
pbwb_492_sky.NCEC,492,sky
pfwb_603_white.NCEC,550,white
pbwb_603_white.NCEC,550,white
pfwb_503_meditation.NCEC,555,meditation
pbwb_503_meditation.NCEC,555,meditation
pfwb_511_summer.NCEC,585,summer
pbwb_511_summer.NCEC,585,summer
pfwb_511_autumn.NCEC,585,autumn
pbwb_511_autumn.NCEC,585,autumn
pfwb_511_winter.NCEC,585,winter
pbwb_511_winter.NCEC,585,winter
pfwb_527_summer.NCEC,586,summer
pbwb_527_summer.NCEC,586,summer
pfwb_527_autumn.NCEC,586,autumn
pbwb_527_autumn.NCEC,586,autumn
pfwb_527_winter.NCEC,586,winter
pbwb_527_winter.NCEC,586,winter
pfwb_655_step.NCEC,648,step
pbwb_655_step.NCEC,648,step
pfwb_656_aqua.NCEC,649,aqua
pbwb_656_aqua.NCEC,649,aqua
pfwb_656_inazuma.NCEC,649,inazuma
pbwb_656_inazuma.NCEC,649,inazuma
pfwb_656_blaze.NCEC,649,blaze
pbwb_656_blaze.NCEC,649,blaze
pfwb_656_freeze.NCEC,649,freeze
pbwb_656_freeze.NCEC,649,freeze
