#==================================================================================================
#
#	narc用リスト生成ファイル
#
#	arc_tool.datから変更しました
#	
#	○記述方法
#	　以前は、enum定義とnarcファイルの所在を別々に記述していましたが、それを１行で書くようになりました
#     enum定義名　narcファイルの所在
#     の順序で記入してください（区切り文字は、スペースタブどちらも使用可です）
#     narcファイルの所在は”（ダブルクォーテーション）で囲ってください
#    （本当はなくてもよかったんですが、以前の書式にあわせました）
#     また、パーソナルのように、2バージョンでenum定義は1つだけど、narcファイルは2つある場合は、
#     $バージョンラベル	enum定義名　narcファイルの所在
#     の順序で記入してください（一致するバージョンの方だけリストに追加されます）
#	  バージョンラベルの前に＄記号を忘れないようにしてください（＄の有無で判定しているため）
#     また、＃を書くとそれ以降はコメントとして無視するようになっています
#
#   ○生成方法
#     Makeすることで自動生成されるようになっていますので、このファイルに記述するだけで、結構です
#     また、以前は、ROMにバイナリをリンクするためにMakefileのFILE_TREE定義に
#     narcファイルの所在をこのリストとは別に追記していたと思いますが、
#     Makeすることで、FILE_TREE定義にも追加するようになっていますので、
#     単純にこのファイルに記述するだけで、OKになりました
#
#     疑問、質問は、曽我部まで
#
#==================================================================================================

#==================================================================================================
#
#ex) メニュー画面グラフィックを追加
#	ARCID_MENU	"menu.narc"	#メニュー画面
#
#ex) タイトル画面グラフィックを追加
#	$VERSION_BLACK	ARCID_TITLE	"title_b.narc"	#ブラック版タイトル
#	$VERSION_WHITE	ARCID_TITLE	"title_w.narc"	#ホワイト版タイトル
#
#==================================================================================================

	ARCID_FATAL_ERROR	"test_graphic/fatal_error.narc"	#fatalエラー画面表示
	ARCID_D_TAYA		"test_graphic/d_taya.narc"		#
	ARCID_SAMPLE		"test_graphic/test3d.narc"		#
	ARCID_MAPOBJ		"test_graphic/mapobj.narc"		#
	ARCID_EFFECT		"test_graphic/spaEffect.narc"	#
	ARCID_FLDACT		"test_graphic/fld_act.narc"		#
	ARCID_FLDMAP		"test_graphic/fld_map.narc"		#
	ARCID_FLDBLD		"test_graphic/build_model.narc"	#
	ARCID_TEST3D		"test_graphic/test3d.narc"		#
	ARCID_SAMPLEMAP		"test_graphic/sample_map.narc"	#
	ARCID_GSMAP			"test_graphic/land_data.narc"	#
	ARCID_GSTEX			"test_graphic/map_tex_set.narc"	#
	ARCID_TEST3DP		"test_graphic/test3dp.narc"		#3D表示テスト用データ
	ARCID_SNDSTRM			"snd_strm.narc"	# サウンドストリーミング
	ARCID_WMI			"wmi.narc"	# 通信アイコン
	ARCID_LAYOUT		"layout.narc"	# レイアウトエディタから吐き出したもの
	ARCID_D_GOTO		"test_graphic/d_goto.narc"		#
	ARCID_MESSAGE		"message.narc"		# メッセージデータ
	ARCID_FLDMAP_SAMPLE "test_graphic/fieldmap_sample.narc" #
	ARCID_FLDMAP_MAPDATA "test_graphic/fieldmap_map.narc"   #
	ARCID_FLDMAP_ACTOR   "test_graphic/fieldmap_act.narc"   #
	ARCID_GSOBJ			"test_graphic/bm_field.narc"	#
	ARCID_GSOBJANM		"test_graphic/bm_anime.narc"	#
	ARCID_GSOBJTEX		"test_graphic/areabm_texset.narc"	#
	ARCID_GSOBJANMTBL	"test_graphic/bm_info_out.narc"	#
	ARCID_GSAREAOBJ		"test_graphic/area_build.narc"	#
	ARCID_POKEGRA		"pokegra/pokegra_wb.narc"	#
	ARCID_FLDMAP_WINFRAME "test_graphic/winframe.narc"   # ウィンドウフレーム
	ARCID_FLDMAP_MENU_GRA "test_graphic/menu_gra.narc"   # メニューグラフィック
	ARCID_FLDMAP_TESTGRIDMAP_ATTR "test_graphic/testgridmap_a.narc" #テストマップ
	ARCID_PTC			"particle/wazaeffect/spa.narc" #技エフェクトパーティクル
	ARCID_POKEICON		"poke_icon.narc"				#ポケモンアイコン
	ARCID_MB_TEST		"test_graphic/mb_test.narc"		#マルチブートテスト用(親
	ARCID_FLDMAP_LANDDATA "test_graphic/map_land_data.narc" #フィールドマップ地形データ
	ARCID_FLDMAP_MAPMATRIX "test_graphic/map_matrix.narc" #フィールドマップマトリクス
	ARCID_BATTGRA		"battle/battgra_wb.narc"	#
	ARCID_ZONEDATA		"fieldmap/zonedata.narc"		#ゾーン毎データ
	ARCID_ALLBUILDMODEL	"fieldmap/all_build_model.narc"	#全配置モデルデータ
	ARCID_AREADATA		"fieldmap/area_data.bin"		#エリア毎設定データ
	ARCID_AREA_MAPTEX	"fieldmap/area_map_tex.narc"	#エリア毎地形テクスチャデータ
	ARCID_FLDMAP_LAND_EX "fieldmap/nogrid_mapblock.narc" #非グリッド地形データ
	ARCID_PERSONAL		"personal/personal.narc"		#パーソナルデータ
	ARCID_GROW_TBL		"personal/growtbl.narc"			#成長曲線テーブル
	ARCID_WOTBL			"personal/wotbl.narc"			#技覚えテーブル
	ARCID_WAZA_TBL		"waza_tbl/waza_tbl.narc"			#技テーブル
	ARCID_NET_ERR		"net_err.narc"					#通信エラー画面
	ARCID_FONT			"font/font.narc"		# フォントデータ
	ARCID_ITEMDATA		"item_data.narc"		# アイテムデータ
	ARCID_ITEMICON		"item_icon.narc"		# アイテムアイコン
	$VERSION_BLACK	ARCID_TITLE	"title.narc"	#ブラック版タイトル
	$VERSION_WHITE	ARCID_TITLE	"title.narc"	#ホワイト版タイトル
	ARCID_EASYPOKELIST	"test_graphic/easy_pokelist.narc"	#簡易ポケモンリスト
	ARCID_CONFIG_GRA	"test_graphic/config_gra.narc"		#設定画面用データ
	ARCID_IRCBATTLE		"ircbattle.narc"           #赤外線マッチングバトル
	ARCID_WIFI2DCHAR		"wifi2dchar.narc"
	ARCID_WIFIUNIONCHAR		"wifi_unionobj.narc"
	ARCID_WIFIP2PMATCH		"wifip2pmatch.narc"
	ARCID_MYSTERY		"mystery.narc"			#不思議な贈り物
	ARCID_STARTMENU		"startmenu.narc"		#スタートメニュー
	ARCID_FLDMMDL_BTX	"test_graphic/fldmmdl_btx.narc" #動作モデル
	ARCID_PALACE		"palace.narc"			#パレス
	ARCID_FLDMMLD		"test_graphic/mmodel.narc"
	ARCID_YN_TOUCH		"yn_touch.narc"			#YesNoボタン
	ARCID_WLMNGM_TOOL_GRA	"wlmngm_tool.narc"	#WiFiロビーミニゲームツールグラフィック
	ARCID_BALLOON_GRA	"balloon_gra.narc"		#風船割りミニゲーム
	ARCID_BALLOON_PARTICLE	"balloon_particle.narc"		#風船割りミニゲーム：パーティクル
	ARCID_MYSIGN		"mysign.narc"			#サイン(トレーナーカード)
	ARCID_TRAINERCARD	"trainer_case.narc"		#トレーナーカード
	ARCID_TRC_UNION		"trc_union.narc"		#ユニオンルーム トレーナーカード キャラ絵
	ARCID_SOUNDTEST		"soundtest.narc"		#サウンドテスト画像（デバッグ）
	ARCID_PMS_AIKOTOBA_DATA	"pms_aikotoba.narc"	#簡易文・壁紙取得合言葉
	ARCID_PMSI_GRAPHIC	"pmsi.narc"		#簡易文入力画面素材
	ARCID_COMPATI_CHECK	"compati_check.narc"	#相性チェック
	ARCID_MUSICAL_ITEM	"musical_item.narc"		#ミュージカル装備品
	ARCID_DRESSUP_GRA	"dressup_gra.narc"		#ミュージカル　ドレスアップ
	ARCID_STAGE_GRA		"stage_gra.narc"		#ミュージカル　ステージ
	ARCID_FLDMMDL_PARAM "fieldmap/fldmmdl_mdlparam.narc" #動作モデル パラメータ
	ARCID_FLDMMDL_RES	"fieldmap/fldmmdl_mdlres.narc" #動作モデル リソース
	ARCID_INFOWIN		"infowin.narc"		#情報ウィンドウ
	ARCID_BMPOAM		"bmpoam.narc"			#BMPOAM
	ARCID_POKEGRA_MUS	"pokegra_mus.narc"	#ミュージカル用ポケグラ
	ARCID_WIFILOBBY_OTHER_GRA	"wifi_lobby_other.narc"	#Wi-Fiロビー３Dフィールド以外のグラフィック
	ARCID_WFLBY_GRA		"wifi_lobby.narc"	#WiFiロビーグラフィック
	ARCID_2DUNIONOBJ_FRONT	"unionobj2d_onlyfront.narc"	#２Dのユニオン人物　表向きグラフィックのみ
	ARCID_LOBBY_NEWS		"lobby_news.narc"		#WiFiロビーニュースグラフィック
	ARCID_WIFI_EARTH_PLACE	"wifi_earth_place.narc"	#WI-FI地球画面の地域データ
	ARCID_WFLBY_MAP		"wflby_map.narc"	#WiFiロビーマップデータ
	ARCID_SHOP_GRA		"shop_gra.narc"		#ショップ画面グラフィック
	ARCID_WAZATYPE_ICON		"wazatype_icon.narc"		#技タイプアイコン
	ARCID_LOBBY_TRGRA		"lobby_trfgra.narc"			#Wi-Fi広場用トレーナーグラフィック(PLのtrgra)
	ARCID_FIELD_WEATHER	"field_weather.narc"	#フィールド天気グラフィック
	ARCID_SCRSEQ		"fieldmap/script_seq.narc"		#スクリプトシーケンス
	ARCID_FLDMMDL_LIST	"fieldmap/move_model_list.narc" #動作モデルリスト
	ARCID_CODE_INPUT	"code_input.narc"				#コード入力画面
	ARCID_FIELD_LIGHT	"field_light.narc"	#フィールドライトデータ
	ARCID_FIELD_WEATHER_LIGHT	"field_weather_light.narc"	#フィールド天気ライトデータ
	ARCID_WIFI_NOTE		"wifi_note.narc"	#友だち手帳
	ARCID_RECORD_GRA		"record_gra.narc"	#レコード交換
	ARCID_TRF_GRA		"test_graphic/trbgra.narc"	#トレーナー(仮
	ARCID_TRB_GRA		"test_graphic/trbgra.narc"	#トレーナー(仮
	ARCID_SELBOX_GRA	"selbox_gra.narc"			#selbox用
	ARCID_MUSICAL_SCRIPT	"musical_script.narc"		#ミュージカルスクリプト
	ARCID_OTHERS		"others.narc"
	ARCID_WAZAEFF_SEQ	"wazaeffect/waza_eff.narc"	#技エフェクトシーケンス
	ARCID_CAMERACONT	"camera_adjust_view.narc"	#カメラ調整用画像（デバッグ）
	ARCID_MUSICAL_DEBUG	"mus_debug.narc"	#ミュージカルデバッグ用（デバッグ）
